<?xml version="1.0" encoding="UTF-8"?>
<!-- Generated by org.testng.reporters.JUnitReportReporter -->
<testsuite hostname="aai" failures="0" tests="1" name="SeleniumTest" time="0.001" errors="0" timestamp="2021-10-03T11:38:33 IST" skipped="0">
  <testcase classname="SeleniumTest" name="test1" time="0.001"/>
  <system-out/>
</testsuite> <!-- SeleniumTest -->
