<?xml version="1.0" encoding="UTF-8"?>
<!-- Generated by org.testng.reporters.JUnitReportReporter -->
<testsuite hostname="aai" failures="0" tests="1" name="mavenbegginer.newmaven.APITest" time="0.026" errors="0" timestamp="2021-10-03T11:38:33 IST" skipped="0">
  <testcase classname="mavenbegginer.newmaven.APITest" name="test2" time="0.026"/>
  <system-out/>
</testsuite> <!-- mavenbegginer.newmaven.APITest -->
